<?xml version="1.0" encoding="UTF-8"?>
<testng-results skipped="1" failed="0" ignored="0" total="1" passed="0">
  <reporter-output>
  </reporter-output>
  <suite name="Default suite" duration-ms="3246" started-at="2020-05-23T11:31:22Z" finished-at="2020-05-23T11:31:26Z">
    <groups>
    </groups>
    <test name="Default test" duration-ms="3246" started-at="2020-05-23T11:31:22Z" finished-at="2020-05-23T11:31:26Z">
      <class name="test.TestWebtable">
        <test-method status="PASS" signature="before_suite()[pri:0, instance:test.TestWebtable@2b9627bc]" name="before_suite" is-config="true" duration-ms="151" started-at="2020-05-23T17:01:22Z" finished-at="2020-05-23T17:01:22Z">
          <reporter-output>
          </reporter-output>
        </test-method> <!-- before_suite -->
        <test-method status="FAIL" signature="testBeforeClass()[pri:0, instance:test.TestWebtable@2b9627bc]" name="testBeforeClass" is-config="true" duration-ms="3201" started-at="2020-05-23T17:01:22Z" finished-at="2020-05-23T17:01:26Z">
          <exception class="java.lang.AssertionError">
            <message>
              <![CDATA[Could not open the browser]]>
            </message>
            <full-stacktrace>
              <![CDATA[java.lang.AssertionError: Could not open the browser
	at org.testng.Assert.fail(Assert.java:93)
	at demopackage.webAction.launchDriver(webAction.java:151)
	at demopackage.webAction.before_Class(webAction.java:107)
	at test.TestWebtable.testBeforeClass(TestWebtable.java:16)
	at sun.reflect.NativeMethodAccessorImpl.invoke0(Native Method)
	at sun.reflect.NativeMethodAccessorImpl.invoke(Unknown Source)
	at sun.reflect.DelegatingMethodAccessorImpl.invoke(Unknown Source)
	at java.lang.reflect.Method.invoke(Unknown Source)
	at org.testng.internal.MethodInvocationHelper.invokeMethod(MethodInvocationHelper.java:108)
	at org.testng.internal.Invoker.invokeConfigurationMethod(Invoker.java:523)
	at org.testng.internal.Invoker.invokeConfigurations(Invoker.java:224)
	at org.testng.internal.Invoker.invokeConfigurations(Invoker.java:146)
	at org.testng.internal.TestMethodWorker.invokeBeforeClassMethods(TestMethodWorker.java:166)
	at org.testng.internal.TestMethodWorker.run(TestMethodWorker.java:105)
	at org.testng.TestRunner.privateRun(TestRunner.java:744)
	at org.testng.TestRunner.run(TestRunner.java:602)
	at org.testng.SuiteRunner.runTest(SuiteRunner.java:380)
	at org.testng.SuiteRunner.runSequentially(SuiteRunner.java:375)
	at org.testng.SuiteRunner.privateRun(SuiteRunner.java:340)
	at org.testng.SuiteRunner.run(SuiteRunner.java:289)
	at org.testng.SuiteRunnerWorker.runSuite(SuiteRunnerWorker.java:52)
	at org.testng.SuiteRunnerWorker.run(SuiteRunnerWorker.java:86)
	at org.testng.TestNG.runSuitesSequentially(TestNG.java:1301)
	at org.testng.TestNG.runSuitesLocally(TestNG.java:1226)
	at org.testng.TestNG.runSuites(TestNG.java:1144)
	at org.testng.TestNG.run(TestNG.java:1115)
	at org.testng.remote.AbstractRemoteTestNG.run(AbstractRemoteTestNG.java:132)
	at org.testng.remote.RemoteTestNG.initAndRun(RemoteTestNG.java:230)
	at org.testng.remote.RemoteTestNG.main(RemoteTestNG.java:76)
]]>
            </full-stacktrace>
          </exception> <!-- java.lang.AssertionError -->
          <reporter-output>
          </reporter-output>
        </test-method> <!-- testBeforeClass -->
        <test-method status="SKIP" signature="table_verification()[pri:0, instance:test.TestWebtable@2b9627bc]" name="table_verification" duration-ms="0" started-at="2020-05-23T17:01:26Z" finished-at="2020-05-23T17:01:26Z">
          <exception class="java.lang.AssertionError">
            <message>
              <![CDATA[Could not open the browser]]>
            </message>
            <full-stacktrace>
              <![CDATA[java.lang.AssertionError: Could not open the browser
	at org.testng.Assert.fail(Assert.java:93)
	at demopackage.webAction.launchDriver(webAction.java:151)
	at demopackage.webAction.before_Class(webAction.java:107)
	at test.TestWebtable.testBeforeClass(TestWebtable.java:16)
	at sun.reflect.NativeMethodAccessorImpl.invoke0(Native Method)
	at sun.reflect.NativeMethodAccessorImpl.invoke(Unknown Source)
	at sun.reflect.DelegatingMethodAccessorImpl.invoke(Unknown Source)
	at java.lang.reflect.Method.invoke(Unknown Source)
	at org.testng.internal.MethodInvocationHelper.invokeMethod(MethodInvocationHelper.java:108)
	at org.testng.internal.Invoker.invokeConfigurationMethod(Invoker.java:523)
	at org.testng.internal.Invoker.invokeConfigurations(Invoker.java:224)
	at org.testng.internal.Invoker.invokeConfigurations(Invoker.java:146)
	at org.testng.internal.TestMethodWorker.invokeBeforeClassMethods(TestMethodWorker.java:166)
	at org.testng.internal.TestMethodWorker.run(TestMethodWorker.java:105)
	at org.testng.TestRunner.privateRun(TestRunner.java:744)
	at org.testng.TestRunner.run(TestRunner.java:602)
	at org.testng.SuiteRunner.runTest(SuiteRunner.java:380)
	at org.testng.SuiteRunner.runSequentially(SuiteRunner.java:375)
	at org.testng.SuiteRunner.privateRun(SuiteRunner.java:340)
	at org.testng.SuiteRunner.run(SuiteRunner.java:289)
	at org.testng.SuiteRunnerWorker.runSuite(SuiteRunnerWorker.java:52)
	at org.testng.SuiteRunnerWorker.run(SuiteRunnerWorker.java:86)
	at org.testng.TestNG.runSuitesSequentially(TestNG.java:1301)
	at org.testng.TestNG.runSuitesLocally(TestNG.java:1226)
	at org.testng.TestNG.runSuites(TestNG.java:1144)
	at org.testng.TestNG.run(TestNG.java:1115)
	at org.testng.remote.AbstractRemoteTestNG.run(AbstractRemoteTestNG.java:132)
	at org.testng.remote.RemoteTestNG.initAndRun(RemoteTestNG.java:230)
	at org.testng.remote.RemoteTestNG.main(RemoteTestNG.java:76)
]]>
            </full-stacktrace>
          </exception> <!-- java.lang.AssertionError -->
          <reporter-output>
          </reporter-output>
        </test-method> <!-- table_verification -->
      </class> <!-- test.TestWebtable -->
    </test> <!-- Default test -->
  </suite> <!-- Default suite -->
</testng-results>
